2024-10-14 23:40:12 pid:1 Workerman[/app/B_backend.php] start in DEBUG mode
2024-10-14 23:41:38 pid:1 Workerman[/app/B_backend.php] start in DEBUG mode
2024-10-14 23:56:32 pid:1 Workerman[/app/B_backend.php] start in DEBUG mode
2024-10-15 23:14:09 pid:1 Workerman[B_backend.php] start in DEBUG mode
2024-10-15 23:44:47 pid:1 Workerman[B_backend.php] start in DEBUG mode
2024-10-15 23:57:36 pid:1 Workerman[B_backend.php] start in DEBUG mode
2024-10-15 23:58:36 pid:1 Workerman[B_backend.php] stopping ...
2024-10-15 23:58:38 pid:1 Workerman[B_backend.php] has been stopped
2024-10-17 07:05:43 pid:1 Workerman[B_backend.php] start in DEBUG mode
2024-10-17 07:06:04 pid:1 Workerman[B_backend.php] stopping ...
2024-10-17 07:06:05 pid:1 Workerman[B_backend.php] has been stopped
2024-10-17 07:06:07 pid:1 Workerman[B_backend.php] start in DEBUG mode
2024-10-17 07:06:45 pid:1 Workerman[B_backend.php] stopping ...
2024-10-17 07:06:46 pid:1 Workerman[B_backend.php] has been stopped
2024-10-17 07:06:48 pid:1 Workerman[B_backend.php] start in DEBUG mode
2024-10-17 07:08:05 pid:1 Workerman[B_backend.php] stopping ...
2024-10-17 07:08:06 pid:1 Workerman[B_backend.php] has been stopped
2024-10-17 07:08:22 pid:1 Workerman[B_backend.php] start in DEBUG mode
2024-10-17 07:08:42 pid:1 Workerman[B_backend.php] stopping ...
2024-10-17 07:08:43 pid:1 Workerman[B_backend.php] has been stopped
2024-10-17 07:09:04 pid:1 Workerman[B_backend.php] start in DEBUG mode
2024-10-17 07:29:36 pid:1 Workerman[B_backend.php] stopping ...
2024-10-17 07:29:37 pid:1 Workerman[B_backend.php] has been stopped
2024-10-17 07:29:39 pid:1 Workerman[B_backend.php] start in DEBUG mode
2024-10-17 07:35:48 pid:1 Workerman[B_backend.php] start in DEBUG mode
2024-10-17 08:00:54 pid:1 Workerman[B_backend.php] stopping ...
2024-10-17 08:00:56 pid:1 worker[none:7] exit with status 9
2024-10-17 08:00:56 pid:1 Workerman[B_backend.php] has been stopped
2024-10-17 08:00:58 pid:1 Workerman[B_backend.php] start in DEBUG mode
2024-10-17 08:01:09 pid:1 Workerman[B_backend.php] start in DEBUG mode
2024-10-17 08:03:20 pid:1 Workerman[B_backend.php] stopping ...
2024-10-17 08:03:21 pid:1 Workerman[B_backend.php] has been stopped
2024-10-18 06:10:32 pid:1 Workerman[B_backend.php] start in DEBUG mode
2024-10-18 06:33:38 pid:1 Workerman[B_backend.php] stopping ...
2024-10-18 06:33:40 pid:1 worker[none:7] exit with status 9
2024-10-18 06:33:40 pid:1 Workerman[B_backend.php] has been stopped
2024-10-18 06:33:42 pid:1 Workerman[B_backend.php] start in DEBUG mode
2024-10-18 06:47:24 pid:1 Workerman[B_backend.php] stopping ...
2024-10-18 06:47:26 pid:1 worker[none:7] exit with status 9
2024-10-18 06:47:26 pid:1 Workerman[B_backend.php] has been stopped
2024-10-18 06:47:33 pid:1 Workerman[B_backend.php] start in DEBUG mode
2024-10-18 06:47:34 pid:7 Error: Class "Promise" not found in /var/www/B_backend.php:70
Stack trace:
#0 /var/www/B_backend.php(120): ping('192.168.0.1')
#1 /var/www/B_backend.php(195): scanActiveHost('192.168.0.')
#2 /var/www/B_backend.php(226): refresh()
#3 /var/www/workerman/Worker.php(2501): {closure}(Object(Workerman\Worker))
#4 /var/www/workerman/Worker.php(1636): Workerman\Worker->run()
#5 /var/www/workerman/Worker.php(1429): Workerman\Worker::forkOneWorkerForLinux(Object(Workerman\Worker))
#6 /var/www/workerman/Worker.php(1403): Workerman\Worker::forkWorkersForLinux()
#7 /var/www/workerman/Worker.php(560): Workerman\Worker::forkWorkers()
#8 /var/www/B_backend.php(238): Workerman\Worker::runAll()
#9 {main}
2024-10-18 06:47:34 pid:1 worker[none:7] exit with status 64000
2024-10-18 06:47:35 pid:8 Error: Class "Promise" not found in /var/www/B_backend.php:70
Stack trace:
#0 /var/www/B_backend.php(120): ping('192.168.0.1')
#1 /var/www/B_backend.php(195): scanActiveHost('192.168.0.')
#2 /var/www/B_backend.php(226): refresh()
#3 /var/www/workerman/Worker.php(2501): {closure}(Object(Workerman\Worker))
#4 /var/www/workerman/Worker.php(1636): Workerman\Worker->run()
#5 /var/www/workerman/Worker.php(1429): Workerman\Worker::forkOneWorkerForLinux(Object(Workerman\Worker))
#6 /var/www/workerman/Worker.php(1403): Workerman\Worker::forkWorkersForLinux()
#7 /var/www/workerman/Worker.php(1788): Workerman\Worker::forkWorkers()
#8 /var/www/workerman/Worker.php(1724): Workerman\Worker::monitorWorkersForLinux()
#9 /var/www/workerman/Worker.php(562): Workerman\Worker::monitorWorkers()
#10 /var/www/B_backend.php(238): Workerman\Worker::runAll()
#11 {main}
2024-10-18 06:47:35 pid:1 worker[none:8] exit with status 64000
2024-10-18 06:47:36 pid:9 Error: Class "Promise" not found in /var/www/B_backend.php:70
Stack trace:
#0 /var/www/B_backend.php(120): ping('192.168.0.1')
#1 /var/www/B_backend.php(195): scanActiveHost('192.168.0.')
#2 /var/www/B_backend.php(226): refresh()
#3 /var/www/workerman/Worker.php(2501): {closure}(Object(Workerman\Worker))
#4 /var/www/workerman/Worker.php(1636): Workerman\Worker->run()
#5 /var/www/workerman/Worker.php(1429): Workerman\Worker::forkOneWorkerForLinux(Object(Workerman\Worker))
#6 /var/www/workerman/Worker.php(1403): Workerman\Worker::forkWorkersForLinux()
#7 /var/www/workerman/Worker.php(1788): Workerman\Worker::forkWorkers()
#8 /var/www/workerman/Worker.php(1724): Workerman\Worker::monitorWorkersForLinux()
#9 /var/www/workerman/Worker.php(562): Workerman\Worker::monitorWorkers()
#10 /var/www/B_backend.php(238): Workerman\Worker::runAll()
#11 {main}
2024-10-18 06:47:36 pid:1 worker[none:9] exit with status 64000
2024-10-18 06:47:37 pid:10 Error: Class "Promise" not found in /var/www/B_backend.php:70
Stack trace:
#0 /var/www/B_backend.php(120): ping('192.168.0.1')
#1 /var/www/B_backend.php(195): scanActiveHost('192.168.0.')
#2 /var/www/B_backend.php(226): refresh()
#3 /var/www/workerman/Worker.php(2501): {closure}(Object(Workerman\Worker))
#4 /var/www/workerman/Worker.php(1636): Workerman\Worker->run()
#5 /var/www/workerman/Worker.php(1429): Workerman\Worker::forkOneWorkerForLinux(Object(Workerman\Worker))
#6 /var/www/workerman/Worker.php(1403): Workerman\Worker::forkWorkersForLinux()
#7 /var/www/workerman/Worker.php(1788): Workerman\Worker::forkWorkers()
#8 /var/www/workerman/Worker.php(1724): Workerman\Worker::monitorWorkersForLinux()
#9 /var/www/workerman/Worker.php(562): Workerman\Worker::monitorWorkers()
#10 /var/www/B_backend.php(238): Workerman\Worker::runAll()
#11 {main}
2024-10-18 06:47:37 pid:1 worker[none:10] exit with status 64000
2024-10-18 06:47:38 pid:11 Error: Class "Promise" not found in /var/www/B_backend.php:70
Stack trace:
#0 /var/www/B_backend.php(120): ping('192.168.0.1')
#1 /var/www/B_backend.php(195): scanActiveHost('192.168.0.')
#2 /var/www/B_backend.php(226): refresh()
#3 /var/www/workerman/Worker.php(2501): {closure}(Object(Workerman\Worker))
#4 /var/www/workerman/Worker.php(1636): Workerman\Worker->run()
#5 /var/www/workerman/Worker.php(1429): Workerman\Worker::forkOneWorkerForLinux(Object(Workerman\Worker))
#6 /var/www/workerman/Worker.php(1403): Workerman\Worker::forkWorkersForLinux()
#7 /var/www/workerman/Worker.php(1788): Workerman\Worker::forkWorkers()
#8 /var/www/workerman/Worker.php(1724): Workerman\Worker::monitorWorkersForLinux()
#9 /var/www/workerman/Worker.php(562): Workerman\Worker::monitorWorkers()
#10 /var/www/B_backend.php(238): Workerman\Worker::runAll()
#11 {main}
2024-10-18 06:47:38 pid:1 worker[none:11] exit with status 64000
2024-10-18 06:47:39 pid:12 Error: Class "Promise" not found in /var/www/B_backend.php:70
Stack trace:
#0 /var/www/B_backend.php(120): ping('192.168.0.1')
#1 /var/www/B_backend.php(195): scanActiveHost('192.168.0.')
#2 /var/www/B_backend.php(226): refresh()
#3 /var/www/workerman/Worker.php(2501): {closure}(Object(Workerman\Worker))
#4 /var/www/workerman/Worker.php(1636): Workerman\Worker->run()
#5 /var/www/workerman/Worker.php(1429): Workerman\Worker::forkOneWorkerForLinux(Object(Workerman\Worker))
#6 /var/www/workerman/Worker.php(1403): Workerman\Worker::forkWorkersForLinux()
#7 /var/www/workerman/Worker.php(1788): Workerman\Worker::forkWorkers()
#8 /var/www/workerman/Worker.php(1724): Workerman\Worker::monitorWorkersForLinux()
#9 /var/www/workerman/Worker.php(562): Workerman\Worker::monitorWorkers()
#10 /var/www/B_backend.php(238): Workerman\Worker::runAll()
#11 {main}
2024-10-18 06:47:39 pid:1 worker[none:12] exit with status 64000
2024-10-18 06:47:40 pid:13 Error: Class "Promise" not found in /var/www/B_backend.php:70
Stack trace:
#0 /var/www/B_backend.php(120): ping('192.168.0.1')
#1 /var/www/B_backend.php(195): scanActiveHost('192.168.0.')
#2 /var/www/B_backend.php(226): refresh()
#3 /var/www/workerman/Worker.php(2501): {closure}(Object(Workerman\Worker))
#4 /var/www/workerman/Worker.php(1636): Workerman\Worker->run()
#5 /var/www/workerman/Worker.php(1429): Workerman\Worker::forkOneWorkerForLinux(Object(Workerman\Worker))
#6 /var/www/workerman/Worker.php(1403): Workerman\Worker::forkWorkersForLinux()
#7 /var/www/workerman/Worker.php(1788): Workerman\Worker::forkWorkers()
#8 /var/www/workerman/Worker.php(1724): Workerman\Worker::monitorWorkersForLinux()
#9 /var/www/workerman/Worker.php(562): Workerman\Worker::monitorWorkers()
#10 /var/www/B_backend.php(238): Workerman\Worker::runAll()
#11 {main}
2024-10-18 06:47:40 pid:1 worker[none:13] exit with status 64000
2024-10-18 06:47:41 pid:14 Error: Class "Promise" not found in /var/www/B_backend.php:70
Stack trace:
#0 /var/www/B_backend.php(120): ping('192.168.0.1')
#1 /var/www/B_backend.php(195): scanActiveHost('192.168.0.')
#2 /var/www/B_backend.php(226): refresh()
#3 /var/www/workerman/Worker.php(2501): {closure}(Object(Workerman\Worker))
#4 /var/www/workerman/Worker.php(1636): Workerman\Worker->run()
#5 /var/www/workerman/Worker.php(1429): Workerman\Worker::forkOneWorkerForLinux(Object(Workerman\Worker))
#6 /var/www/workerman/Worker.php(1403): Workerman\Worker::forkWorkersForLinux()
#7 /var/www/workerman/Worker.php(1788): Workerman\Worker::forkWorkers()
#8 /var/www/workerman/Worker.php(1724): Workerman\Worker::monitorWorkersForLinux()
#9 /var/www/workerman/Worker.php(562): Workerman\Worker::monitorWorkers()
#10 /var/www/B_backend.php(238): Workerman\Worker::runAll()
#11 {main}
2024-10-18 06:47:41 pid:1 worker[none:14] exit with status 64000
2024-10-18 06:47:42 pid:15 Error: Class "Promise" not found in /var/www/B_backend.php:70
Stack trace:
#0 /var/www/B_backend.php(120): ping('192.168.0.1')
#1 /var/www/B_backend.php(195): scanActiveHost('192.168.0.')
#2 /var/www/B_backend.php(226): refresh()
#3 /var/www/workerman/Worker.php(2501): {closure}(Object(Workerman\Worker))
#4 /var/www/workerman/Worker.php(1636): Workerman\Worker->run()
#5 /var/www/workerman/Worker.php(1429): Workerman\Worker::forkOneWorkerForLinux(Object(Workerman\Worker))
#6 /var/www/workerman/Worker.php(1403): Workerman\Worker::forkWorkersForLinux()
#7 /var/www/workerman/Worker.php(1788): Workerman\Worker::forkWorkers()
#8 /var/www/workerman/Worker.php(1724): Workerman\Worker::monitorWorkersForLinux()
#9 /var/www/workerman/Worker.php(562): Workerman\Worker::monitorWorkers()
#10 /var/www/B_backend.php(238): Workerman\Worker::runAll()
#11 {main}
2024-10-18 06:47:43 pid:1 worker[none:15] exit with status 64000
2024-10-18 06:47:44 pid:16 Error: Class "Promise" not found in /var/www/B_backend.php:70
Stack trace:
#0 /var/www/B_backend.php(120): ping('192.168.0.1')
#1 /var/www/B_backend.php(195): scanActiveHost('192.168.0.')
#2 /var/www/B_backend.php(226): refresh()
#3 /var/www/workerman/Worker.php(2501): {closure}(Object(Workerman\Worker))
#4 /var/www/workerman/Worker.php(1636): Workerman\Worker->run()
#5 /var/www/workerman/Worker.php(1429): Workerman\Worker::forkOneWorkerForLinux(Object(Workerman\Worker))
#6 /var/www/workerman/Worker.php(1403): Workerman\Worker::forkWorkersForLinux()
#7 /var/www/workerman/Worker.php(1788): Workerman\Worker::forkWorkers()
#8 /var/www/workerman/Worker.php(1724): Workerman\Worker::monitorWorkersForLinux()
#9 /var/www/workerman/Worker.php(562): Workerman\Worker::monitorWorkers()
#10 /var/www/B_backend.php(238): Workerman\Worker::runAll()
#11 {main}
2024-10-18 06:47:44 pid:1 worker[none:16] exit with status 64000
2024-10-18 06:47:45 pid:17 Error: Class "Promise" not found in /var/www/B_backend.php:70
Stack trace:
#0 /var/www/B_backend.php(120): ping('192.168.0.1')
#1 /var/www/B_backend.php(195): scanActiveHost('192.168.0.')
#2 /var/www/B_backend.php(226): refresh()
#3 /var/www/workerman/Worker.php(2501): {closure}(Object(Workerman\Worker))
#4 /var/www/workerman/Worker.php(1636): Workerman\Worker->run()
#5 /var/www/workerman/Worker.php(1429): Workerman\Worker::forkOneWorkerForLinux(Object(Workerman\Worker))
#6 /var/www/workerman/Worker.php(1403): Workerman\Worker::forkWorkersForLinux()
#7 /var/www/workerman/Worker.php(1788): Workerman\Worker::forkWorkers()
#8 /var/www/workerman/Worker.php(1724): Workerman\Worker::monitorWorkersForLinux()
#9 /var/www/workerman/Worker.php(562): Workerman\Worker::monitorWorkers()
#10 /var/www/B_backend.php(238): Workerman\Worker::runAll()
#11 {main}
2024-10-18 06:47:45 pid:1 worker[none:17] exit with status 64000
2024-10-18 06:47:46 pid:18 Error: Class "Promise" not found in /var/www/B_backend.php:70
Stack trace:
#0 /var/www/B_backend.php(120): ping('192.168.0.1')
#1 /var/www/B_backend.php(195): scanActiveHost('192.168.0.')
#2 /var/www/B_backend.php(226): refresh()
#3 /var/www/workerman/Worker.php(2501): {closure}(Object(Workerman\Worker))
#4 /var/www/workerman/Worker.php(1636): Workerman\Worker->run()
#5 /var/www/workerman/Worker.php(1429): Workerman\Worker::forkOneWorkerForLinux(Object(Workerman\Worker))
#6 /var/www/workerman/Worker.php(1403): Workerman\Worker::forkWorkersForLinux()
#7 /var/www/workerman/Worker.php(1788): Workerman\Worker::forkWorkers()
#8 /var/www/workerman/Worker.php(1724): Workerman\Worker::monitorWorkersForLinux()
#9 /var/www/workerman/Worker.php(562): Workerman\Worker::monitorWorkers()
#10 /var/www/B_backend.php(238): Workerman\Worker::runAll()
#11 {main}
2024-10-18 06:47:46 pid:1 worker[none:18] exit with status 64000
2024-10-18 06:47:46 pid:1 Workerman[B_backend.php] stopping ...
2024-10-18 06:47:47 pid:19 Error: Class "Promise" not found in /var/www/B_backend.php:70
Stack trace:
#0 /var/www/B_backend.php(120): ping('192.168.0.1')
#1 /var/www/B_backend.php(195): scanActiveHost('192.168.0.')
#2 /var/www/B_backend.php(226): refresh()
#3 /var/www/workerman/Worker.php(2501): {closure}(Object(Workerman\Worker))
#4 /var/www/workerman/Worker.php(1636): Workerman\Worker->run()
#5 /var/www/workerman/Worker.php(1429): Workerman\Worker::forkOneWorkerForLinux(Object(Workerman\Worker))
#6 /var/www/workerman/Worker.php(1403): Workerman\Worker::forkWorkersForLinux()
#7 /var/www/workerman/Worker.php(1788): Workerman\Worker::forkWorkers()
#8 /var/www/workerman/Worker.php(1724): Workerman\Worker::monitorWorkersForLinux()
#9 /var/www/workerman/Worker.php(562): Workerman\Worker::monitorWorkers()
#10 /var/www/B_backend.php(238): Workerman\Worker::runAll()
#11 {main}
2024-10-18 06:47:47 pid:1 worker[none:19] exit with status 64000
2024-10-18 06:47:47 pid:1 Workerman[B_backend.php] has been stopped
2024-10-18 06:48:10 pid:1 Workerman[B_backend.php] start in DEBUG mode
2024-10-18 06:48:11 pid:7 Error: Class "Promise" not found in /var/www/B_backend.php:70
Stack trace:
#0 /var/www/B_backend.php(120): ping('192.168.0.1')
#1 /var/www/B_backend.php(195): scanActiveHost('192.168.0.')
#2 /var/www/B_backend.php(226): refresh()
#3 /var/www/workerman/Worker.php(2501): {closure}(Object(Workerman\Worker))
#4 /var/www/workerman/Worker.php(1636): Workerman\Worker->run()
#5 /var/www/workerman/Worker.php(1429): Workerman\Worker::forkOneWorkerForLinux(Object(Workerman\Worker))
#6 /var/www/workerman/Worker.php(1403): Workerman\Worker::forkWorkersForLinux()
#7 /var/www/workerman/Worker.php(560): Workerman\Worker::forkWorkers()
#8 /var/www/B_backend.php(238): Workerman\Worker::runAll()
#9 {main}
2024-10-18 06:48:11 pid:1 worker[none:7] exit with status 64000
2024-10-18 06:48:11 pid:1 Workerman[B_backend.php] stopping ...
2024-10-18 06:48:12 pid:8 Error: Class "Promise" not found in /var/www/B_backend.php:70
Stack trace:
#0 /var/www/B_backend.php(120): ping('192.168.0.1')
#1 /var/www/B_backend.php(195): scanActiveHost('192.168.0.')
#2 /var/www/B_backend.php(226): refresh()
#3 /var/www/workerman/Worker.php(2501): {closure}(Object(Workerman\Worker))
#4 /var/www/workerman/Worker.php(1636): Workerman\Worker->run()
#5 /var/www/workerman/Worker.php(1429): Workerman\Worker::forkOneWorkerForLinux(Object(Workerman\Worker))
#6 /var/www/workerman/Worker.php(1403): Workerman\Worker::forkWorkersForLinux()
#7 /var/www/workerman/Worker.php(1788): Workerman\Worker::forkWorkers()
#8 /var/www/workerman/Worker.php(1724): Workerman\Worker::monitorWorkersForLinux()
#9 /var/www/workerman/Worker.php(562): Workerman\Worker::monitorWorkers()
#10 /var/www/B_backend.php(238): Workerman\Worker::runAll()
#11 {main}
2024-10-18 06:48:12 pid:1 worker[none:8] exit with status 64000
2024-10-18 06:48:12 pid:1 Workerman[B_backend.php] has been stopped
2024-10-18 06:55:22 pid:1 Workerman[B_backend.php] start in DEBUG mode
2024-10-18 07:00:12 pid:1 Workerman[B_backend.php] stopping ...
2024-10-18 07:00:13 pid:1 Workerman[B_backend.php] has been stopped
2024-10-18 07:00:20 pid:1 Workerman[B_backend.php] start in DEBUG mode
2024-10-18 07:01:54 pid:1 Workerman[B_backend.php] stopping ...
2024-10-18 07:01:55 pid:1 Workerman[B_backend.php] has been stopped
2024-10-18 07:04:27 pid:1 Workerman[B_backend.php] start in DEBUG mode
2024-10-18 07:09:56 pid:1 Workerman[B_backend.php] stopping ...
2024-10-18 07:09:57 pid:1 Workerman[B_backend.php] has been stopped
2024-10-18 07:10:18 pid:1 Workerman[B_backend.php] start in DEBUG mode
2024-10-18 07:53:07 pid:1 Workerman[B_backend.php] stopping ...
2024-10-18 07:53:09 pid:1 worker[none:7] exit with status 9
2024-10-18 07:53:09 pid:1 Workerman[B_backend.php] has been stopped
2024-10-18 07:53:13 pid:1 Workerman[B_backend.php] start in DEBUG mode
2024-10-18 07:57:30 pid:1 Workerman[B_backend.php] stopping ...
2024-10-18 07:57:31 pid:1 Workerman[B_backend.php] has been stopped
2024-10-18 07:57:35 pid:1 Workerman[B_backend.php] start in DEBUG mode
2024-10-18 07:58:16 pid:1 Workerman[B_backend.php] stopping ...
2024-10-18 07:58:17 pid:1 Workerman[B_backend.php] has been stopped
2024-10-18 07:58:21 pid:1 Workerman[B_backend.php] start in DEBUG mode
2024-10-18 08:02:00 pid:1 Workerman[B_backend.php] stopping ...
2024-10-18 08:02:01 pid:1 Workerman[B_backend.php] has been stopped
2024-10-19 09:25:18 pid:1 Workerman[B_backend.php] start in DEBUG mode
2024-10-19 09:28:34 pid:1 Workerman[B_backend.php] stopping ...
2024-10-19 09:28:35 pid:1 Workerman[B_backend.php] has been stopped
2024-10-19 09:28:37 pid:1 Workerman[B_backend.php] start in DEBUG mode
2024-10-19 10:29:37 pid:1 Workerman[B_backend.php] stopping ...
2024-10-19 10:29:38 pid:1 Workerman[B_backend.php] has been stopped
2024-10-19 10:39:04 pid:1 Workerman[B_backend.php] start in DEBUG mode
2024-10-19 10:42:12 pid:1 Workerman[B_backend.php] stopping ...
2024-10-19 10:42:13 pid:1 Workerman[B_backend.php] has been stopped
2024-10-19 10:42:16 pid:1 Workerman[B_backend.php] start in DEBUG mode
2024-10-19 10:50:00 pid:1 Workerman[B_backend.php] stopping ...
2024-10-19 10:50:01 pid:1 Workerman[B_backend.php] has been stopped
2024-10-19 10:50:04 pid:1 Workerman[B_backend.php] start in DEBUG mode
2024-10-19 10:54:43 pid:1 Workerman[B_backend.php] stopping ...
2024-10-19 10:54:44 pid:1 Workerman[B_backend.php] has been stopped
2024-10-19 10:58:11 pid:1 Workerman[B_backend.php] start in DEBUG mode
2024-10-19 11:06:40 pid:1 Workerman[B_backend.php] stopping ...
2024-10-19 11:06:41 pid:1 Workerman[B_backend.php] has been stopped
2024-10-19 11:06:44 pid:1 Workerman[B_backend.php] start in DEBUG mode
2024-10-19 11:55:05 pid:1 Workerman[B_backend.php] stopping ...
2024-10-19 11:55:06 pid:1 Workerman[B_backend.php] has been stopped
2024-10-20 09:31:14 pid:1 Workerman[B_backend.php] start in DEBUG mode
2024-10-20 09:33:10 pid:1 Workerman[B_backend.php] stopping ...
2024-10-20 09:33:11 pid:1 Workerman[B_backend.php] has been stopped
2024-10-20 09:46:13 pid:1 Workerman[B_backend.php] start in DEBUG mode
2024-10-20 09:46:38 pid:1 Workerman[B_backend.php] stopping ...
2024-10-20 09:46:40 pid:1 worker[none:7] exit with status 9
2024-10-20 09:46:40 pid:1 Workerman[B_backend.php] has been stopped
